STATUS:Searching for applets
EXCEPT:Traceback (most recent call last):
          File "/home/grueneis/p4vasp/python-packages/p4vasp/applet/__init__.py", line 106, in findApplets
           o=getClass(c)
          File "/home/grueneis/p4vasp/python-packages/p4vasp/applet/__init__.py", line 77, in getClass
           exec "import %s\nc=%s\n"%(join(v[:-1],"."),c)
          File "<string>", line 1, in <module>
          File "/home/grueneis/p4vasp/python-packages/p4vasp/applet/KpointsViewerApplet.py", line 27, in <module>
           from p4vasp.paint3d.OpenGLPaint3D import *
          File "/home/grueneis/p4vasp/python-packages/p4vasp/paint3d/OpenGLPaint3D.py", line 5, in <module>
           from OpenGL.GL import *
        ImportError: No module named OpenGL.GL
       
STATUS:Creating menu items
MSG   :Add menu Edit::New
MSG   :Add menu Structure::Window
MSG   :Add menu Structure::Control
MSG   :Add menu Electronic::DOS + bands
MSG   :Add menu Electronic::Local DOS+bands control
MSG   :Add menu Structure::Show (old)
MSG   :Add menu Convergence::Forces
MSG   :Add menu Structure::Measure
MSG   :Add menu Structure::Export
MSG   :Add menu Edit::Multiply cell
MSG   :Add menu Edit::Rotate atoms
MSG   :Add menu Structure::Lattice
MSG   :Add menu Edit::Builder
MSG   :Add menu Electronic::Dielectric function
MSG   :Add menu Mechanics::Phonon dispersion
MSG   :Add menu Convergence::Energy
MSG   :Add menu Electronic::STM Control
MSG   :Add menu Structure::Show/hide atoms
MSG   :Add menu Database::Commit
MSG   :Add menu Convergence::Selected forces
MSG   :Add menu Edit::Edit sub-Z-matrix
MSG   :Add menu Electronic::STM Window
MSG   :Add menu Mechanics::VAC
MSG   :Add menu Database::Query
MSG   :Add menu Edit::Move atoms
MSG   :Add menu Edit::Info
MSG   :Add menu Mechanics::Phonons k-points path
MSG   :Add menu Electronic::Local potential
STATUS:Initializing toolbar buttons
STATUS:Initializing selection applet
STATUS:reading vasprun.xml
ERROR : Error reading property NAME
EXCEPT:Traceback (most recent call last):
          File "/home/grueneis/p4vasp/python-packages/p4vasp/Property.py", line 159, in get
           self.value=self.read()
          File "/home/grueneis/p4vasp/python-packages/p4vasp/Property.py", line 172, in read
           return apply(self.read_func,(self,))
          File "/home/grueneis/p4vasp/python-packages/p4vasp/SystemPM.py", line 446, in <lambda>
           read=lambda x:x.manager.INCAR["SYSTEM"])
          File "/home/grueneis/p4vasp/python-packages/p4vasp/Dictionary.py", line 314, in __getitem__
           raise KeyError(key)
        KeyError: 'SYSTEM'
       
STATUS:Parsing free energy sequence
STATUS:OK
STATUS:loading setup
ERROR : Can not read setup.xml
STATUS:setup loaded
STATUS:reading vasprun.xml
ERROR : Error reading property NAME
EXCEPT:Traceback (most recent call last):
          File "/home/grueneis/p4vasp/python-packages/p4vasp/Property.py", line 159, in get
           self.value=self.read()
          File "/home/grueneis/p4vasp/python-packages/p4vasp/Property.py", line 172, in read
           return apply(self.read_func,(self,))
          File "/home/grueneis/p4vasp/python-packages/p4vasp/SystemPM.py", line 446, in <lambda>
           read=lambda x:x.manager.INCAR["SYSTEM"])
          File "/home/grueneis/p4vasp/python-packages/p4vasp/Dictionary.py", line 314, in __getitem__
           raise KeyError(key)
        KeyError: 'SYSTEM'
       
STATUS:reading vasprun.xml OK
STATUS:OK
STATUS:Parsing initial structure
STATUS:OK
STATUS:Parsing final structure
STATUS:OK
STATUS:Parsing primitive cell
STATUS:OK
